<?xml version="1.0" encoding="UTF-8"?>
<testsuite xmlns:xsi="http://www.w3.org/2001/XMLSchema-instance" xsi:noNamespaceSchemaLocation="https://maven.apache.org/surefire/maven-surefire-plugin/xsd/surefire-test-report-3.0.xsd" version="3.0" name="runner.RunnerTest" time="1.044" tests="5" errors="0" skipped="0" failures="0">
  <properties>
[...]
</properties>
  <testcase name="Pedido simples de item existente" classname="Pedidos na hamburgueria Peppa Lanches" time="0.16">
    <system-out><![CDATA[
@hamburgueria @feliz
Cenário: Pedido simples de item existente          &amp#27;[90m# src/test/resources/features/pedidos.feature:16&amp#27;[0m
  &amp#27;[32mDado &amp#27;[0m&amp#27;[32mque o cardápio contém os seguintes itens:&amp#27;[0m   &amp#27;[90m# steps.PedidosSteps.que_o_cardapio_contem_os_seguidos_itens(io.cucumber.datatable.DataTable)&amp#27;[0m
    | item         | preco |
    | x-bacon      | 25.00 |
    | x-salada     | 22.00 |
    | batata frita | 12.00 |
  &amp#27;[32mQuando &amp#27;[0m&amp#27;[32meu peço o item &amp#27;[0m&amp#27;[32m&amp#27;[1m"x-bacon"&amp#27;[0m&amp#27;[32m com quantidade &amp#27;[0m&amp#27;[32m&amp#27;[1m1&amp#27;[0m &amp#27;[90m# steps.PedidosSteps.eu_peco_o_item_com_quantidade(java.lang.String,int)&amp#27;[0m
  &amp#27;[32mEntão &amp#27;[0m&amp#27;[32mo pedido deve ser aceito&amp#27;[0m                   &amp#27;[90m# steps.PedidosSteps.o_pedido_deve_ser_aceito()&amp#27;[0m
  &amp#27;[32mE &amp#27;[0m&amp#27;[32mo valor total deve ser &amp#27;[0m&amp#27;[32m&amp#27;[1m25.00&amp#27;[0m                   &amp#27;[90m# steps.PedidosSteps.o_valor_total_deve_ser(java.lang.Double)&amp#27;[0m
]]></system-out>
  </testcase>
  <testcase name="Pedido de item inexistente" classname="Pedidos na hamburgueria Peppa Lanches" time="0.012">
    <system-out><![CDATA[
@hamburgueria @inexistente
Cenário: Pedido de item inexistente                            &amp#27;[90m# src/test/resources/features/pedidos.feature:22&amp#27;[0m
  &amp#27;[32mDado &amp#27;[0m&amp#27;[32mque o cardápio contém os seguintes itens:&amp#27;[0m               &amp#27;[90m# steps.PedidosSteps.que_o_cardapio_contem_os_seguidos_itens(io.cucumber.datatable.DataTable)&amp#27;[0m
    | item         | preco |
    | x-bacon      | 25.00 |
    | x-salada     | 22.00 |
    | batata frita | 12.00 |
  &amp#27;[32mQuando &amp#27;[0m&amp#27;[32meu peço o item &amp#27;[0m&amp#27;[32m&amp#27;[1m"milk-shake"&amp#27;[0m&amp#27;[32m com quantidade &amp#27;[0m&amp#27;[32m&amp#27;[1m1&amp#27;[0m          &amp#27;[90m# steps.PedidosSteps.eu_peco_o_item_com_quantidade(java.lang.String,int)&amp#27;[0m
  &amp#27;[32mEntão &amp#27;[0m&amp#27;[32mo pedido deve ser rejeitado&amp#27;[0m                            &amp#27;[90m# steps.PedidosSteps.o_pedido_deve_ser_rejeitado()&amp#27;[0m
  &amp#27;[32mE &amp#27;[0m&amp#27;[32ma mensagem &amp#27;[0m&amp#27;[32m&amp#27;[1m"Item inexistente no cardápio"&amp#27;[0m&amp#27;[32m deve ser exibida&amp#27;[0m &amp#27;[90m# steps.PedidosSteps.a_mensagem_deve_ser_exibida(java.lang.String)&amp#27;[0m
]]></system-out>
  </testcase>
  <testcase name="Pedido com quantidade inválida" classname="Pedidos na hamburgueria Peppa Lanches" time="0.029">
    <system-out><![CDATA[
@hamburgueria @quantidade
Cenário: Pedido com quantidade inválida               &amp#27;[90m# src/test/resources/features/pedidos.feature:28&amp#27;[0m
  &amp#27;[32mDado &amp#27;[0m&amp#27;[32mque o cardápio contém os seguintes itens:&amp#27;[0m      &amp#27;[90m# steps.PedidosSteps.que_o_cardapio_contem_os_seguidos_itens(io.cucumber.datatable.DataTable)&amp#27;[0m
    | item         | preco |
    | x-bacon      | 25.00 |
    | x-salada     | 22.00 |
    | batata frita | 12.00 |
  &amp#27;[32mQuando &amp#27;[0m&amp#27;[32meu peço o item &amp#27;[0m&amp#27;[32m&amp#27;[1m"x-salada"&amp#27;[0m&amp#27;[32m com quantidade &amp#27;[0m&amp#27;[32m&amp#27;[1m0&amp#27;[0m   &amp#27;[90m# steps.PedidosSteps.eu_peco_o_item_com_quantidade(java.lang.String,int)&amp#27;[0m
  &amp#27;[32mEntão &amp#27;[0m&amp#27;[32mo pedido deve ser rejeitado&amp#27;[0m                   &amp#27;[90m# steps.PedidosSteps.o_pedido_deve_ser_rejeitado()&amp#27;[0m
  &amp#27;[32mE &amp#27;[0m&amp#27;[32ma mensagem &amp#27;[0m&amp#27;[32m&amp#27;[1m"Quantidade inválida"&amp#27;[0m&amp#27;[32m deve ser exibida&amp#27;[0m &amp#27;[90m# steps.PedidosSteps.a_mensagem_deve_ser_exibida(java.lang.String)&amp#27;[0m
]]></system-out>
  </testcase>
  <testcase name="Pedido com desconto de 10 por cento" classname="Pedidos na hamburgueria Peppa Lanches" time="0.034">
    <system-out><![CDATA[
@hamburgueria @desconto
Cenário: Pedido com desconto de 10 por cento            &amp#27;[90m# src/test/resources/features/pedidos.feature:34&amp#27;[0m
  &amp#27;[32mDado &amp#27;[0m&amp#27;[32mque o cardápio contém os seguintes itens:&amp#27;[0m        &amp#27;[90m# steps.PedidosSteps.que_o_cardapio_contem_os_seguidos_itens(io.cucumber.datatable.DataTable)&amp#27;[0m
    | item         | preco |
    | x-bacon      | 25.00 |
    | x-salada     | 22.00 |
    | batata frita | 12.00 |
  &amp#27;[32mQuando &amp#27;[0m&amp#27;[32meu peço o item &amp#27;[0m&amp#27;[32m&amp#27;[1m"batata frita"&amp#27;[0m&amp#27;[32m com quantidade &amp#27;[0m&amp#27;[32m&amp#27;[1m2&amp#27;[0m &amp#27;[90m# steps.PedidosSteps.eu_peco_o_item_com_quantidade(java.lang.String,int)&amp#27;[0m
  &amp#27;[32mE &amp#27;[0m&amp#27;[32maplico um desconto de &amp#27;[0m&amp#27;[32m&amp#27;[1m10&amp#27;[0m&amp#27;[32m por cento&amp#27;[0m                  &amp#27;[90m# steps.PedidosSteps.aplico_um_desconto_de_por_cento(int)&amp#27;[0m
  &amp#27;[32mEntão &amp#27;[0m&amp#27;[32mo valor total deve ser &amp#27;[0m&amp#27;[32m&amp#27;[1m21.60&amp#27;[0m                    &amp#27;[90m# steps.PedidosSteps.o_valor_total_deve_ser(java.lang.Double)&amp#27;[0m
]]></system-out>
  </testcase>
  <testcase name="Calcular tempo estimado de preparo" classname="Pedidos na hamburgueria Peppa Lanches" time="0.038">
    <system-out><![CDATA[
@hamburgueria @sla
Cenário: Calcular tempo estimado de preparo             &amp#27;[90m# src/test/resources/features/pedidos.feature:40&amp#27;[0m
  &amp#27;[32mDado &amp#27;[0m&amp#27;[32mque o cardápio contém os seguintes itens:&amp#27;[0m        &amp#27;[90m# steps.PedidosSteps.que_o_cardapio_contem_os_seguidos_itens(io.cucumber.datatable.DataTable)&amp#27;[0m
    | item         | preco |
    | x-bacon      | 25.00 |
    | x-salada     | 22.00 |
    | batata frita | 12.00 |
  &amp#27;[32mQuando &amp#27;[0m&amp#27;[32meu peço o item &amp#27;[0m&amp#27;[32m&amp#27;[1m"x-bacon"&amp#27;[0m&amp#27;[32m com quantidade &amp#27;[0m&amp#27;[32m&amp#27;[1m1&amp#27;[0m      &amp#27;[90m# steps.PedidosSteps.eu_peco_o_item_com_quantidade(java.lang.String,int)&amp#27;[0m
  &amp#27;[32mEntão &amp#27;[0m&amp#27;[32mo tempo estimado de preparo deve ser &amp#27;[0m&amp#27;[32m&amp#27;[1m15&amp#27;[0m&amp#27;[32m minutos&amp#27;[0m &amp#27;[90m# steps.PedidosSteps.o_tempo_estimado_de_preparo_deve_ser_minutos(java.lang.Integer)&amp#27;[0m
]]></system-out>
  </testcase>
</testsuite>